Determining if the pthread_create exist failed with the following output:
Change Dir: /home/damiano/Downloads/Libraries/sgbm_cuda/build/CMakeFiles/CMakeTmp

Run Build Command:"/usr/bin/make" "cmTC_81bc8/fast"
/usr/bin/make -f CMakeFiles/cmTC_81bc8.dir/build.make CMakeFiles/cmTC_81bc8.dir/build
make[1]: Entering directory '/home/damiano/Downloads/Libraries/sgbm_cuda/build/CMakeFiles/CMakeTmp'
Building C object CMakeFiles/cmTC_81bc8.dir/CheckSymbolExists.c.o
/usr/bin/gcc-6    -o CMakeFiles/cmTC_81bc8.dir/CheckSymbolExists.c.o   -c /home/damiano/Downloads/Libraries/sgbm_cuda/build/CMakeFiles/CMakeTmp/CheckSymbolExists.c
Linking C executable cmTC_81bc8
/usr/bin/cmake -E cmake_link_script CMakeFiles/cmTC_81bc8.dir/link.txt --verbose=1
/usr/bin/gcc-6      -rdynamic CMakeFiles/cmTC_81bc8.dir/CheckSymbolExists.c.o  -o cmTC_81bc8 
CMakeFiles/cmTC_81bc8.dir/CheckSymbolExists.c.o: In function `main':
CheckSymbolExists.c:(.text+0x1b): undefined reference to `pthread_create'
collect2: error: ld returned 1 exit status
CMakeFiles/cmTC_81bc8.dir/build.make:97: recipe for target 'cmTC_81bc8' failed
make[1]: *** [cmTC_81bc8] Error 1
make[1]: Leaving directory '/home/damiano/Downloads/Libraries/sgbm_cuda/build/CMakeFiles/CMakeTmp'
Makefile:126: recipe for target 'cmTC_81bc8/fast' failed
make: *** [cmTC_81bc8/fast] Error 2

File /home/damiano/Downloads/Libraries/sgbm_cuda/build/CMakeFiles/CMakeTmp/CheckSymbolExists.c:
/* */
#include <pthread.h>

int main(int argc, char** argv)
{
  (void)argv;
#ifndef pthread_create
  return ((int*)(&pthread_create))[argc];
#else
  (void)argc;
  return 0;
#endif
}

Determining if the function pthread_create exists in the pthreads failed with the following output:
Change Dir: /home/damiano/Downloads/Libraries/sgbm_cuda/build/CMakeFiles/CMakeTmp

Run Build Command:"/usr/bin/make" "cmTC_88b3a/fast"
/usr/bin/make -f CMakeFiles/cmTC_88b3a.dir/build.make CMakeFiles/cmTC_88b3a.dir/build
make[1]: Entering directory '/home/damiano/Downloads/Libraries/sgbm_cuda/build/CMakeFiles/CMakeTmp'
Building C object CMakeFiles/cmTC_88b3a.dir/CheckFunctionExists.c.o
/usr/bin/gcc-6   -DCHECK_FUNCTION_EXISTS=pthread_create   -o CMakeFiles/cmTC_88b3a.dir/CheckFunctionExists.c.o   -c /usr/share/cmake-3.10/Modules/CheckFunctionExists.c
Linking C executable cmTC_88b3a
/usr/bin/cmake -E cmake_link_script CMakeFiles/cmTC_88b3a.dir/link.txt --verbose=1
/usr/bin/gcc-6  -DCHECK_FUNCTION_EXISTS=pthread_create    -rdynamic CMakeFiles/cmTC_88b3a.dir/CheckFunctionExists.c.o  -o cmTC_88b3a -lpthreads 
/usr/bin/x86_64-linux-gnu-ld: cannot find -lpthreads
collect2: error: ld returned 1 exit status
CMakeFiles/cmTC_88b3a.dir/build.make:97: recipe for target 'cmTC_88b3a' failed
make[1]: *** [cmTC_88b3a] Error 1
make[1]: Leaving directory '/home/damiano/Downloads/Libraries/sgbm_cuda/build/CMakeFiles/CMakeTmp'
Makefile:126: recipe for target 'cmTC_88b3a/fast' failed
make: *** [cmTC_88b3a/fast] Error 2


